#
# There is insufficient memory for the Java Runtime Environment to continue.
# Native memory allocation (malloc) failed to allocate 1048576 bytes for AllocateHeap
# Possible reasons:
#   The system is out of physical RAM or swap space
#   In 32 bit mode, the process size limit was hit
# Possible solutions:
#   Reduce memory load on the system
#   Increase physical memory or swap space
#   Check if swap backing store is full
#   Use 64 bit Java on a 64 bit OS
#   Decrease Java heap size (-Xmx/-Xms)
#   Decrease number of Java threads
#   Decrease Java thread stack sizes (-Xss)
#   Set larger code cache with -XX:ReservedCodeCacheSize=
# This output file may be truncated or incomplete.
#
#  Out of Memory Error (memory/allocation.inline.hpp:62), pid=7956, tid=9632
#
# JRE version:  (8.0_05-b13) (build )
# Java VM: Java HotSpot(TM) 64-Bit Server VM (25.5-b02 mixed mode windows-amd64 compressed oops)
# Failed to write core dump. Minidumps are not enabled by default on client versions of Windows
#

---------------  T H R E A D  ---------------

Current thread (0x00000000027d0800):  JavaThread "Unknown thread" [_thread_in_vm, id=9632, stack(0x00000000026d0000,0x00000000027d0000)]

Stack: [0x00000000026d0000,0x00000000027d0000]
Native frames: (J=compiled Java code, j=interpreted, Vv=VM code, C=native code)
V  [jvm.dll+0x308dea]
V  [jvm.dll+0x25def1]
V  [jvm.dll+0x25eb0f]
V  [jvm.dll+0x2564e5]
V  [jvm.dll+0x25553f]
V  [jvm.dll+0x3c732c]
V  [jvm.dll+0x3c29f7]
V  [jvm.dll+0xe2142]
V  [jvm.dll+0x1f1419]
V  [jvm.dll+0x2227c4]
V  [jvm.dll+0x149f71]
C  [java.exe+0x207a]
C  [java.exe+0xc99b]
C  [java.exe+0xca2f]
C  [KERNEL32.DLL+0x12d92]
C  [ntdll.dll+0x9f64]


---------------  P R O C E S S  ---------------

Java Threads: ( => current thread )

Other Threads:

=>0x00000000027d0800 (exited) JavaThread "Unknown thread" [_thread_in_vm, id=9632, stack(0x00000000026d0000,0x00000000027d0000)]

VM state:not at safepoint (normal execution)

VM Mutex/Monitor currently owned by a thread: None

Heap:
 PSYoungGen      total 1024K, used 20K [0x00000000eab00000, 0x00000000eac80000, 0x0000000100000000)
  eden space 512K, 4% used [0x00000000eab00000,0x00000000eab05288,0x00000000eab80000)
  from space 512K, 0% used [0x00000000eac00000,0x00000000eac00000,0x00000000eac80000)
  to   space 512K, 0% used [0x00000000eab80000,0x00000000eab80000,0x00000000eac00000)
 ParOldGen       total 129536K, used 0K [0x00000000c0000000, 0x00000000c7e80000, 0x00000000eab00000)
  object space 129536K, 0% used [0x00000000c0000000,0x00000000c0000000,0x00000000c7e80000)
 Metaspace       used 673K, capacity 4480K, committed 4480K, reserved 1056768K
  class space    used 66K, capacity 384K, committed 384K, reserved 1048576K

Card table byte_map: [0x0000000011c90000,0x0000000011ea0000] byte_map_base: 0x0000000011690000

Marking Bits: (ParMarkBitMap*) 0x00000000636d13b0
 Begin Bits: [0x0000000012400000, 0x0000000013400000)
 End Bits:   [0x0000000013400000, 0x0000000014400000)

Polling page: 0x00000000007c0000

CodeCache: size=245760Kb used=327Kb max_used=327Kb free=245432Kb
 bounds [0x00000000028d0000, 0x0000000002b40000, 0x00000000118d0000]
 total_blobs=56 nmethods=0 adapters=37
 compilation: enabled

Compilation events (0 events):
No events

GC Heap History (0 events):
No events

Deoptimization events (0 events):
No events

Internal exceptions (0 events):
No events

Events (10 events):
Event: 0.017 loading class java/lang/Short
Event: 0.017 loading class java/lang/Short done
Event: 0.017 loading class java/lang/Integer
Event: 0.017 loading class java/lang/Integer done
Event: 0.017 loading class java/lang/Long
Event: 0.017 loading class java/lang/Long done
Event: 0.018 loading class java/lang/NullPointerException
Event: 0.018 loading class java/lang/NullPointerException done
Event: 0.018 loading class java/lang/ArithmeticException
Event: 0.018 loading class java/lang/ArithmeticException done


Dynamic libraries:
0x00007ff782e40000 - 0x00007ff782e74000 	E:\DeveloperTools\JDK8\bin\java.exe
0x00007ffaacbd0000 - 0x00007ffaacd92000 	C:\Windows\SYSTEM32\ntdll.dll
0x00007ffaac6a0000 - 0x00007ffaac74d000 	C:\Windows\system32\KERNEL32.DLL
0x00007ffaa9a40000 - 0x00007ffaa9c1d000 	C:\Windows\system32\KERNELBASE.dll
0x00007ffaabe60000 - 0x00007ffaabf06000 	C:\Windows\system32\ADVAPI32.dll
0x00007ffaac310000 - 0x00007ffaac3ad000 	C:\Windows\system32\msvcrt.dll
0x00007ffaaa600000 - 0x00007ffaaa65b000 	C:\Windows\system32\sechost.dll
0x00007ffaac3b0000 - 0x00007ffaac4d6000 	C:\Windows\system32\RPCRT4.dll
0x00007ffaabca0000 - 0x00007ffaabdee000 	C:\Windows\system32\USER32.dll
0x00007ffaac7b0000 - 0x00007ffaac935000 	C:\Windows\system32\GDI32.dll
0x00007ffa9df90000 - 0x00007ffa9e204000 	C:\Windows\WinSxS\amd64_microsoft.windows.common-controls_6595b64144ccf1df_6.0.10240.16384_none_f41f7b285750ef43\COMCTL32.dll
0x00007ffaacb90000 - 0x00007ffaacbc6000 	C:\Windows\system32\IMM32.DLL
0x00007ffaac1b0000 - 0x00007ffaac30c000 	C:\Windows\system32\MSCTF.dll
0x0000000063750000 - 0x0000000063822000 	E:\DeveloperTools\JDK8\jre\bin\msvcr100.dll
0x0000000062f20000 - 0x000000006374a000 	E:\DeveloperTools\JDK8\jre\bin\server\jvm.dll
0x00007ffaac940000 - 0x00007ffaac948000 	C:\Windows\system32\PSAPI.DLL
0x00007ffaa75c0000 - 0x00007ffaa75c9000 	C:\Windows\SYSTEM32\WSOCK32.dll
0x00007ffaabdf0000 - 0x00007ffaabe59000 	C:\Windows\system32\WS2_32.dll
0x00007ffaacb20000 - 0x00007ffaacb28000 	C:\Windows\system32\NSI.dll
0x00007ffaa6330000 - 0x00007ffaa6353000 	C:\Windows\SYSTEM32\WINMM.dll
0x00007ffa9de10000 - 0x00007ffa9de3c000 	C:\Windows\SYSTEM32\WINMMBASE.dll
0x00007ffaa9c20000 - 0x00007ffaa9c64000 	C:\Windows\system32\cfgmgr32.dll
0x00007ffaa7ed0000 - 0x00007ffaa7ef7000 	C:\Windows\SYSTEM32\DEVOBJ.dll
0x0000000062f10000 - 0x0000000062f1f000 	E:\DeveloperTools\JDK8\jre\bin\verify.dll
0x0000000062ee0000 - 0x0000000062f08000 	E:\DeveloperTools\JDK8\jre\bin\java.dll
0x0000000062ec0000 - 0x0000000062ed6000 	E:\DeveloperTools\JDK8\jre\bin\zip.dll
0x00007ffaa7400000 - 0x00007ffaa758a000 	C:\Windows\SYSTEM32\dbghelp.dll

VM Arguments:
jvm_args: -Djava.awt.headless=true -Xmx1024M -Dfile.encoding=GBK -Duser.country=CN -Duser.language=zh -Duser.variant 
java_command: com.android.dx.command.Main --dex --force-jumbo --num-threads=4 --multi-dex --output D:\WorkSpace\studio\mygithub\AndroidStudy\StudyCustomView\build\intermediates\transforms\dex\debug\folders\1000\5\slice_2 D:\WorkSpace\studio\mygithub\AndroidStudy\StudyCustomView\build\intermediates\transforms\instantRunSlicer\debug\folders\1\5\slice_2
java_class_path (initial): E:\DeveloperTools\SDK\build-tools\23.0.2\lib\dx.jar
Launcher Type: SUN_STANDARD

Environment Variables:
JAVA_HOME=E:\DeveloperTools\JDK
PATH=E:\DeveloperTools\JDK\bin;JAVA8_HOME\bin;C:\Windows\system32;C:\Windows;C:\Windows\System32\Wbem;C:\Windows\System32\WindowsPowerShell\v1.0\;E:\DeveloperTools\SDK\platform-tools;E:\DeveloperTools\Git\cmd;C:\Program Files\TortoiseGit\bin;E:\DeveloperTools\MySql\bin;E:\DeveloperTools\gradle-2.11\bin;E:\DeveloperTools\Groovy\bin;E:\DeveloperTools\Ruby22\bin;C:\Users\Administrator\AppData\Local\Programs\Python\Python35-32\Scripts\;C:\Users\Administrator\AppData\Local\Programs\Python\Python35-32\;C:\Users\Administrator\AppData\Local\atom\bin
USERNAME=Administrator
OS=Windows_NT
PROCESSOR_IDENTIFIER=Intel64 Family 6 Model 60 Stepping 3, GenuineIntel



---------------  S Y S T E M  ---------------

OS: Windows 8.1 , 64 bit Build 9600 

CPU:total 4 (4 cores per cpu, 1 threads per core) family 6 model 60 stepping 3, cmov, cx8, fxsr, mmx, sse, sse2, sse3, ssse3, sse4.1, sse4.2, popcnt, avx, avx2, aes, clmul, erms, tsc, tscinvbit

Memory: 4k page, physical 8299384k(3579512k free), swap 11449208k(2772k free)

vm_info: Java HotSpot(TM) 64-Bit Server VM (25.5-b02) for windows-amd64 JRE (1.8.0_05-b13), built on Mar 18 2014 01:08:39 by "java_re" with MS VC++ 10.0 (VS2010)

time: Tue Apr 26 16:34:52 2016
elapsed time: 0 seconds

